<?xml version="1.0" encoding="UTF-8"?>
<testng-results skipped="0" failed="0" ignored="0" total="1" passed="1">
  <reporter-output>
  </reporter-output>
  <suite name="Surefire suite" duration-ms="6710" started-at="2023-07-17T12:22:34 IST" finished-at="2023-07-17T12:22:41 IST">
    <groups>
    </groups>
    <test name="Surefire test" duration-ms="6710" started-at="2023-07-17T12:22:34 IST" finished-at="2023-07-17T12:22:41 IST">
      <class name="com.hashtag_assignement.test.HashTagTest">
        <test-method status="PASS" signature="openBrowser()[pri:0, instance:com.hashtag_assignement.test.HashTagTest@306cf3ea]" name="openBrowser" is-config="true" duration-ms="2320" started-at="2023-07-17T12:22:34 IST" finished-at="2023-07-17T12:22:36 IST">
          <reporter-output>
          </reporter-output>
        </test-method> <!-- openBrowser -->
        <test-method status="PASS" signature="openLink()[pri:0, instance:com.hashtag_assignement.test.HashTagTest@306cf3ea]" name="openLink" duration-ms="4367" started-at="2023-07-17T12:22:36 IST" finished-at="2023-07-17T12:22:41 IST">
          <reporter-output>
          </reporter-output>
        </test-method> <!-- openLink -->
        <test-method status="PASS" signature="closeBrowser()[pri:0, instance:com.hashtag_assignement.test.HashTagTest@306cf3ea]" name="closeBrowser" is-config="true" duration-ms="0" started-at="2023-07-17T12:22:41 IST" finished-at="2023-07-17T12:22:41 IST">
          <reporter-output>
          </reporter-output>
        </test-method> <!-- closeBrowser -->
      </class> <!-- com.hashtag_assignement.test.HashTagTest -->
    </test> <!-- Surefire test -->
  </suite> <!-- Surefire suite -->
</testng-results>
