<?xml version="1.0" encoding="UTF-8"?>
<testng-results skipped="0" failed="0" ignored="0" total="1" passed="1">
  <reporter-output>
  </reporter-output>
  <suite name="Suite" duration-ms="9805" started-at="2023-07-17T12:24:06 IST" finished-at="2023-07-17T12:24:16 IST">
    <groups>
    </groups>
    <test name="Test" duration-ms="9805" started-at="2023-07-17T12:24:06 IST" finished-at="2023-07-17T12:24:16 IST">
      <class name="com.hashtag_assignement.test.HashTagTest">
        <test-method status="PASS" signature="openBrowser()[pri:0, instance:com.hashtag_assignement.test.HashTagTest@483f6d77]" name="openBrowser" is-config="true" duration-ms="2404" started-at="2023-07-17T12:24:06 IST" finished-at="2023-07-17T12:24:08 IST">
          <reporter-output>
          </reporter-output>
        </test-method> <!-- openBrowser -->
        <test-method status="PASS" signature="openLink()[pri:0, instance:com.hashtag_assignement.test.HashTagTest@483f6d77]" name="openLink" duration-ms="7354" started-at="2023-07-17T12:24:08 IST" finished-at="2023-07-17T12:24:16 IST">
          <reporter-output>
          </reporter-output>
        </test-method> <!-- openLink -->
        <test-method status="PASS" signature="closeBrowser()[pri:0, instance:com.hashtag_assignement.test.HashTagTest@483f6d77]" name="closeBrowser" is-config="true" duration-ms="0" started-at="2023-07-17T12:24:16 IST" finished-at="2023-07-17T12:24:16 IST">
          <reporter-output>
          </reporter-output>
        </test-method> <!-- closeBrowser -->
      </class> <!-- com.hashtag_assignement.test.HashTagTest -->
    </test> <!-- Test -->
  </suite> <!-- Suite -->
</testng-results>
